      1635        85
      1998        85
      3306        85
      3381        85
      3803        85
      3900        85
      3917        85
      5040        85
      5111        85
      5115        85
      6065        85
      6144        8
     21869        85
     21969        85
     22018        85
     22065        85
     22070        85
     22131        85
     22134        85
     22135        85
     22171        85
     22347        85
     22369        85
     22823        85
     22843        85
